<?xml version="1.0" encoding="UTF-8"?>
<!-- Generated by org.testng.reporters.JUnitXMLReporter -->
<testsuite hostname="hp021-HP-EliteBook-840-G1" name="Test" tests="9" failures="0" timestamp="28 Jun 2022 11:33:24 GMT" time="0.072" errors="0">
  <testcase name="test1" time="0.017" classname="clientbased.FirstTest"/>
  <testcase name="test2" time="0.002" classname="clientbased.FirstTest"/>
  <testcase name="test5" time="0.001" classname="clientbased.FirstTest"/>
  <testcase name="test5" time="0.002" classname="clientbased.FirstTest"/>
  <testcase name="test5" time="0.001" classname="clientbased.FirstTest"/>
  <testcase name="test5" time="0.001" classname="clientbased.FirstTest"/>
  <testcase name="test5" time="0.01" classname="clientbased.FirstTest"/>
  <testcase name="test4" time="0.002" classname="clientbased.FirstTest"/>
  <testcase name="test3" time="0.002" classname="clientbased.FirstTest"/>
</testsuite>
