<?xml version="1.0" encoding="UTF-8"?>
<testng-results skipped="0" failed="0" total="1" passed="1">
  <reporter-output>
  </reporter-output>
  <suite name="Default suite" duration-ms="7526" started-at="2022-06-28T18:33:35Z" finished-at="2022-06-28T18:33:42Z">
    <groups>
    </groups>
    <test name="Default test" duration-ms="7526" started-at="2022-06-28T18:33:35Z" finished-at="2022-06-28T18:33:42Z">
      <class name="clientbased.FirstTest">
        <test-method status="PASS" signature="test()[pri:0, instance:clientbased.FirstTest@7a36aefa]" name="test" duration-ms="7508" started-at="2022-06-28T18:33:35Z" finished-at="2022-06-28T18:33:42Z">
        </test-method>
      </class>
    </test>
  </suite>
</testng-results>
